<?xml version="1.0" encoding="UTF-8"?>
<!-- Generated by org.testng.reporters.JUnitReportReporter -->
<testsuite hostname="LAPTOP-342JGLR0" failures="0" tests="1" name="Runner.myrunner" time="26.113" errors="0" timestamp="2024-03-21T16:46:18 IST" skipped="0">
  <testcase classname="Runner.myrunner" name="runScenario" time="26.113"/>
</testsuite> <!-- Runner.myrunner -->
